[1.430s] Invoking command in '/home/shini/ros2_ws/src/robot_sim': PYTHONPATH=/home/shini/ros2_ws/build/robot_sim/prefix_override:/usr/lib/python3/dist-packages/colcon_core/task/python/colcon_distutils_commands:/home/shini/ros2_ws/install/robot_sim/lib/python3.10/site-packages:${PYTHONPATH} /usr/bin/python3 -W ignore:setup.py install is deprecated -W ignore:easy_install command is deprecated setup.py egg_info --egg-base ../../build/robot_sim build --build-base /home/shini/ros2_ws/build/robot_sim/build install --record /home/shini/ros2_ws/build/robot_sim/install.log --single-version-externally-managed install_data
[1.630s] running egg_info
[1.643s] writing ../../build/robot_sim/robot_sim.egg-info/PKG-INFO
[1.645s] writing dependency_links to ../../build/robot_sim/robot_sim.egg-info/dependency_links.txt
[1.645s] writing entry points to ../../build/robot_sim/robot_sim.egg-info/entry_points.txt
[1.645s] writing requirements to ../../build/robot_sim/robot_sim.egg-info/requires.txt
[1.645s] writing top-level names to ../../build/robot_sim/robot_sim.egg-info/top_level.txt
[1.673s] reading manifest file '../../build/robot_sim/robot_sim.egg-info/SOURCES.txt'
[1.674s] writing manifest file '../../build/robot_sim/robot_sim.egg-info/SOURCES.txt'
[1.674s] running build
[1.674s] running build_py
[1.674s] copying robot_sim/astar.py -> /home/shini/ros2_ws/build/robot_sim/build/lib/robot_sim
[1.674s] copying robot_sim/grid_builder.py -> /home/shini/ros2_ws/build/robot_sim/build/lib/robot_sim
[1.678s] copying robot_sim/__init__.py -> /home/shini/ros2_ws/build/robot_sim/build/lib/robot_sim
[1.679s] copying robot_sim/pid_controller.py -> /home/shini/ros2_ws/build/robot_sim/build/lib/robot_sim
[1.679s] copying robot_sim/nodes/obstacle_detector.py -> /home/shini/ros2_ws/build/robot_sim/build/lib/robot_sim/nodes
[1.680s] copying robot_sim/nodes/navigator.py -> /home/shini/ros2_ws/build/robot_sim/build/lib/robot_sim/nodes
[1.680s] copying robot_sim/nodes/__init__.py -> /home/shini/ros2_ws/build/robot_sim/build/lib/robot_sim/nodes
[1.681s] running install
[1.685s] running install_lib
[1.699s] copying /home/shini/ros2_ws/build/robot_sim/build/lib/robot_sim/nodes/obstacle_detector.py -> /home/shini/ros2_ws/install/robot_sim/lib/python3.10/site-packages/robot_sim/nodes
[1.699s] copying /home/shini/ros2_ws/build/robot_sim/build/lib/robot_sim/nodes/navigator.py -> /home/shini/ros2_ws/install/robot_sim/lib/python3.10/site-packages/robot_sim/nodes
[1.699s] copying /home/shini/ros2_ws/build/robot_sim/build/lib/robot_sim/astar.py -> /home/shini/ros2_ws/install/robot_sim/lib/python3.10/site-packages/robot_sim
[1.699s] copying /home/shini/ros2_ws/build/robot_sim/build/lib/robot_sim/grid_builder.py -> /home/shini/ros2_ws/install/robot_sim/lib/python3.10/site-packages/robot_sim
[1.699s] copying /home/shini/ros2_ws/build/robot_sim/build/lib/robot_sim/pid_controller.py -> /home/shini/ros2_ws/install/robot_sim/lib/python3.10/site-packages/robot_sim
[1.700s] byte-compiling /home/shini/ros2_ws/install/robot_sim/lib/python3.10/site-packages/robot_sim/nodes/obstacle_detector.py to obstacle_detector.cpython-310.pyc
[1.701s] byte-compiling /home/shini/ros2_ws/install/robot_sim/lib/python3.10/site-packages/robot_sim/nodes/navigator.py to navigator.cpython-310.pyc
[1.702s] byte-compiling /home/shini/ros2_ws/install/robot_sim/lib/python3.10/site-packages/robot_sim/astar.py to astar.cpython-310.pyc
[1.703s] byte-compiling /home/shini/ros2_ws/install/robot_sim/lib/python3.10/site-packages/robot_sim/grid_builder.py to grid_builder.cpython-310.pyc
[1.704s] byte-compiling /home/shini/ros2_ws/install/robot_sim/lib/python3.10/site-packages/robot_sim/pid_controller.py to pid_controller.cpython-310.pyc
[1.705s] running install_data
[1.705s] copying resource/robot_sim -> /home/shini/ros2_ws/install/robot_sim/share/ament_index/resource_index/packages
[1.706s] copying package.xml -> /home/shini/ros2_ws/install/robot_sim/share/robot_sim
[1.707s] copying launch/navigation.launch.py -> /home/shini/ros2_ws/install/robot_sim/share/robot_sim/launch
[1.711s] running install_egg_info
[1.726s] removing '/home/shini/ros2_ws/install/robot_sim/lib/python3.10/site-packages/robot_sim-0.0.0-py3.10.egg-info' (and everything under it)
[1.727s] Copying ../../build/robot_sim/robot_sim.egg-info to /home/shini/ros2_ws/install/robot_sim/lib/python3.10/site-packages/robot_sim-0.0.0-py3.10.egg-info
[1.728s] running install_scripts
[1.853s] Installing navigator script to /home/shini/ros2_ws/install/robot_sim/lib/robot_sim
[1.853s] Installing obstacle_detector script to /home/shini/ros2_ws/install/robot_sim/lib/robot_sim
[1.854s] writing list of installed files to '/home/shini/ros2_ws/build/robot_sim/install.log'
[1.886s] Invoked command in '/home/shini/ros2_ws/src/robot_sim' returned '0': PYTHONPATH=/home/shini/ros2_ws/build/robot_sim/prefix_override:/usr/lib/python3/dist-packages/colcon_core/task/python/colcon_distutils_commands:/home/shini/ros2_ws/install/robot_sim/lib/python3.10/site-packages:${PYTHONPATH} /usr/bin/python3 -W ignore:setup.py install is deprecated -W ignore:easy_install command is deprecated setup.py egg_info --egg-base ../../build/robot_sim build --build-base /home/shini/ros2_ws/build/robot_sim/build install --record /home/shini/ros2_ws/build/robot_sim/install.log --single-version-externally-managed install_data
