running develop
running egg_info
writing robot_sim.egg-info/PKG-INFO
writing dependency_links to robot_sim.egg-info/dependency_links.txt
writing entry points to robot_sim.egg-info/entry_points.txt
writing requirements to robot_sim.egg-info/requires.txt
writing top-level names to robot_sim.egg-info/top_level.txt
reading manifest file 'robot_sim.egg-info/SOURCES.txt'
writing manifest file 'robot_sim.egg-info/SOURCES.txt'
running build_ext
Creating /home/shini/ros2_ws/install/robot_sim/lib/python3.10/site-packages/robot-sim.egg-link (link to .)
Installing cmd_vel_mixer script to /home/shini/ros2_ws/install/robot_sim/lib/robot_sim
Installing exploration_goal script to /home/shini/ros2_ws/install/robot_sim/lib/robot_sim
Installing navigator script to /home/shini/ros2_ws/install/robot_sim/lib/robot_sim
Installing obstacle_avoider script to /home/shini/ros2_ws/install/robot_sim/lib/robot_sim
Installing obstacle_detector script to /home/shini/ros2_ws/install/robot_sim/lib/robot_sim
Installing vision_node script to /home/shini/ros2_ws/install/robot_sim/lib/robot_sim

Installed /home/shini/ros2_ws/build/robot_sim
running symlink_data
symbolically linking /home/shini/ros2_ws/build/robot_sim/resource/robot_sim -> /home/shini/ros2_ws/install/robot_sim/share/ament_index/resource_index/packages
symbolically linking /home/shini/ros2_ws/build/robot_sim/package.xml -> /home/shini/ros2_ws/install/robot_sim/share/robot_sim
symbolically linking /home/shini/ros2_ws/build/robot_sim/launch/vision.launch.py -> /home/shini/ros2_ws/install/robot_sim/share/robot_sim/launch
symbolically linking /home/shini/ros2_ws/build/robot_sim/launch/navigation.launch.py -> /home/shini/ros2_ws/install/robot_sim/share/robot_sim/launch
symbolically linking /home/shini/ros2_ws/build/robot_sim/launch/spawn_stable_4wd.launch.py -> /home/shini/ros2_ws/install/robot_sim/share/robot_sim/launch
symbolically linking /home/shini/ros2_ws/build/robot_sim/launch/teleop_with_avoider.launch.py -> /home/shini/ros2_ws/install/robot_sim/share/robot_sim/launch
symbolically linking /home/shini/ros2_ws/build/robot_sim/launch/avoider_exploration.launch.py -> /home/shini/ros2_ws/install/robot_sim/share/robot_sim/launch
symbolically linking /home/shini/ros2_ws/build/robot_sim/launch/avoider.launch.py -> /home/shini/ros2_ws/install/robot_sim/share/robot_sim/launch
symbolically linking /home/shini/ros2_ws/build/robot_sim/launch/stable_4wd_world.launch.py -> /home/shini/ros2_ws/install/robot_sim/share/robot_sim/launch
symbolically linking /home/shini/ros2_ws/build/robot_sim/launch/nav2.launch.py -> /home/shini/ros2_ws/install/robot_sim/share/robot_sim/launch
symbolically linking /home/shini/ros2_ws/build/robot_sim/launch/slam.launch.py -> /home/shini/ros2_ws/install/robot_sim/share/robot_sim/launch
symbolically linking /home/shini/ros2_ws/build/robot_sim/config/nav2_params.yaml -> /home/shini/ros2_ws/install/robot_sim/share/robot_sim/config
symbolically linking /home/shini/ros2_ws/build/robot_sim/config/slam_params.yaml -> /home/shini/ros2_ws/install/robot_sim/share/robot_sim/config
symbolically linking /home/shini/ros2_ws/build/robot_sim/models/stable_4wd_robot/model.sdf -> /home/shini/ros2_ws/install/robot_sim/share/robot_sim/models/stable_4wd_robot
