[2.064s] Invoking command in '/home/shini/ros2_ws/src/robot_sim': PYTHONPATH=/home/shini/ros2_ws/build/robot_sim/prefix_override:/usr/lib/python3/dist-packages/colcon_core/task/python/colcon_distutils_commands:/home/shini/ros2_ws/install/robot_sim/lib/python3.10/site-packages:${PYTHONPATH} /usr/bin/python3 -W ignore:setup.py install is deprecated -W ignore:easy_install command is deprecated setup.py egg_info --egg-base ../../build/robot_sim build --build-base /home/shini/ros2_ws/build/robot_sim/build install --record /home/shini/ros2_ws/build/robot_sim/install.log --single-version-externally-managed install_data
[2.687s] running egg_info
[2.757s] writing ../../build/robot_sim/robot_sim.egg-info/PKG-INFO
[2.760s] writing dependency_links to ../../build/robot_sim/robot_sim.egg-info/dependency_links.txt
[2.761s] writing entry points to ../../build/robot_sim/robot_sim.egg-info/entry_points.txt
[2.761s] writing requirements to ../../build/robot_sim/robot_sim.egg-info/requires.txt
[2.761s] writing top-level names to ../../build/robot_sim/robot_sim.egg-info/top_level.txt
[2.830s] reading manifest file '../../build/robot_sim/robot_sim.egg-info/SOURCES.txt'
[2.833s] writing manifest file '../../build/robot_sim/robot_sim.egg-info/SOURCES.txt'
[2.833s] running build
[2.833s] running build_py
[2.833s] copying robot_sim/astar.py -> /home/shini/ros2_ws/build/robot_sim/build/lib/robot_sim
[2.834s] copying robot_sim/grid_builder.py -> /home/shini/ros2_ws/build/robot_sim/build/lib/robot_sim
[2.835s] copying robot_sim/__init__.py -> /home/shini/ros2_ws/build/robot_sim/build/lib/robot_sim
[2.835s] copying robot_sim/pid_controller.py -> /home/shini/ros2_ws/build/robot_sim/build/lib/robot_sim
[2.835s] copying robot_sim/nodes/obstacle_detector.py -> /home/shini/ros2_ws/build/robot_sim/build/lib/robot_sim/nodes
[2.836s] copying robot_sim/nodes/navigator.py -> /home/shini/ros2_ws/build/robot_sim/build/lib/robot_sim/nodes
[2.836s] copying robot_sim/nodes/__init__.py -> /home/shini/ros2_ws/build/robot_sim/build/lib/robot_sim/nodes
[2.837s] running install
[2.850s] running install_lib
[2.882s] copying /home/shini/ros2_ws/build/robot_sim/build/lib/robot_sim/nodes/navigator.py -> /home/shini/ros2_ws/install/robot_sim/lib/python3.10/site-packages/robot_sim/nodes
[2.883s] copying /home/shini/ros2_ws/build/robot_sim/build/lib/robot_sim/astar.py -> /home/shini/ros2_ws/install/robot_sim/lib/python3.10/site-packages/robot_sim
[2.883s] byte-compiling /home/shini/ros2_ws/install/robot_sim/lib/python3.10/site-packages/robot_sim/nodes/navigator.py to navigator.cpython-310.pyc
[2.891s] byte-compiling /home/shini/ros2_ws/install/robot_sim/lib/python3.10/site-packages/robot_sim/astar.py to astar.cpython-310.pyc
[2.894s] running install_data
[2.894s] copying resource/robot_sim -> /home/shini/ros2_ws/install/robot_sim/share/ament_index/resource_index/packages
[2.895s] copying package.xml -> /home/shini/ros2_ws/install/robot_sim/share/robot_sim
[2.896s] copying launch/navigation.launch.py -> /home/shini/ros2_ws/install/robot_sim/share/robot_sim/launch
[2.896s] running install_egg_info
[2.921s] removing '/home/shini/ros2_ws/install/robot_sim/lib/python3.10/site-packages/robot_sim-0.0.0-py3.10.egg-info' (and everything under it)
[2.922s] Copying ../../build/robot_sim/robot_sim.egg-info to /home/shini/ros2_ws/install/robot_sim/lib/python3.10/site-packages/robot_sim-0.0.0-py3.10.egg-info
[2.925s] running install_scripts
[3.285s] Installing navigator script to /home/shini/ros2_ws/install/robot_sim/lib/robot_sim
[3.286s] Installing obstacle_detector script to /home/shini/ros2_ws/install/robot_sim/lib/robot_sim
[3.287s] writing list of installed files to '/home/shini/ros2_ws/build/robot_sim/install.log'
[3.368s] Invoked command in '/home/shini/ros2_ws/src/robot_sim' returned '0': PYTHONPATH=/home/shini/ros2_ws/build/robot_sim/prefix_override:/usr/lib/python3/dist-packages/colcon_core/task/python/colcon_distutils_commands:/home/shini/ros2_ws/install/robot_sim/lib/python3.10/site-packages:${PYTHONPATH} /usr/bin/python3 -W ignore:setup.py install is deprecated -W ignore:easy_install command is deprecated setup.py egg_info --egg-base ../../build/robot_sim build --build-base /home/shini/ros2_ws/build/robot_sim/build install --record /home/shini/ros2_ws/build/robot_sim/install.log --single-version-externally-managed install_data
