[1.602s] Invoking command in '/home/shini/ros2_ws/src/robot_sim': PYTHONPATH=/home/shini/ros2_ws/build/robot_sim/prefix_override:/usr/lib/python3/dist-packages/colcon_core/task/python/colcon_distutils_commands:/home/shini/ros2_ws/install/robot_sim/lib/python3.10/site-packages:${PYTHONPATH} /usr/bin/python3 -W ignore:setup.py install is deprecated -W ignore:easy_install command is deprecated setup.py egg_info --egg-base ../../build/robot_sim build --build-base /home/shini/ros2_ws/build/robot_sim/build install --record /home/shini/ros2_ws/build/robot_sim/install.log --single-version-externally-managed install_data
[1.894s] running egg_info
[1.908s] writing ../../build/robot_sim/robot_sim.egg-info/PKG-INFO
[1.909s] writing dependency_links to ../../build/robot_sim/robot_sim.egg-info/dependency_links.txt
[1.909s] writing entry points to ../../build/robot_sim/robot_sim.egg-info/entry_points.txt
[1.909s] writing requirements to ../../build/robot_sim/robot_sim.egg-info/requires.txt
[1.909s] writing top-level names to ../../build/robot_sim/robot_sim.egg-info/top_level.txt
[1.942s] reading manifest file '../../build/robot_sim/robot_sim.egg-info/SOURCES.txt'
[1.943s] writing manifest file '../../build/robot_sim/robot_sim.egg-info/SOURCES.txt'
[1.943s] running build
[1.943s] running build_py
[1.943s] copying robot_sim/astar.py -> /home/shini/ros2_ws/build/robot_sim/build/lib/robot_sim
[1.944s] copying robot_sim/grid_builder.py -> /home/shini/ros2_ws/build/robot_sim/build/lib/robot_sim
[1.944s] copying robot_sim/__init__.py -> /home/shini/ros2_ws/build/robot_sim/build/lib/robot_sim
[1.945s] copying robot_sim/pid_controller.py -> /home/shini/ros2_ws/build/robot_sim/build/lib/robot_sim
[1.945s] copying robot_sim/nodes/obstacle_avoider.py -> /home/shini/ros2_ws/build/robot_sim/build/lib/robot_sim/nodes
[1.946s] copying robot_sim/nodes/obstacle_detector.py -> /home/shini/ros2_ws/build/robot_sim/build/lib/robot_sim/nodes
[1.947s] copying robot_sim/nodes/cmd_vel_mixer.py -> /home/shini/ros2_ws/build/robot_sim/build/lib/robot_sim/nodes
[1.947s] copying robot_sim/nodes/navigator.py -> /home/shini/ros2_ws/build/robot_sim/build/lib/robot_sim/nodes
[1.948s] copying robot_sim/nodes/vision_node.py -> /home/shini/ros2_ws/build/robot_sim/build/lib/robot_sim/nodes
[1.948s] copying robot_sim/nodes/exploration_goal_node.py -> /home/shini/ros2_ws/build/robot_sim/build/lib/robot_sim/nodes
[1.948s] copying robot_sim/nodes/__init__.py -> /home/shini/ros2_ws/build/robot_sim/build/lib/robot_sim/nodes
[1.949s] running install
[1.954s] running install_lib
[1.971s] copying /home/shini/ros2_ws/build/robot_sim/build/lib/robot_sim/nodes/exploration_goal_node.py -> /home/shini/ros2_ws/install/robot_sim/lib/python3.10/site-packages/robot_sim/nodes
[1.972s] byte-compiling /home/shini/ros2_ws/install/robot_sim/lib/python3.10/site-packages/robot_sim/nodes/exploration_goal_node.py to exploration_goal_node.cpython-310.pyc
[1.975s] running install_data
[1.975s] copying resource/robot_sim -> /home/shini/ros2_ws/install/robot_sim/share/ament_index/resource_index/packages
[1.975s] copying package.xml -> /home/shini/ros2_ws/install/robot_sim/share/robot_sim
[1.975s] copying launch/vision.launch.py -> /home/shini/ros2_ws/install/robot_sim/share/robot_sim/launch
[1.976s] copying launch/navigation.launch.py -> /home/shini/ros2_ws/install/robot_sim/share/robot_sim/launch
[1.976s] copying launch/spawn_stable_4wd.launch.py -> /home/shini/ros2_ws/install/robot_sim/share/robot_sim/launch
[1.979s] copying launch/teleop_with_avoider.launch.py -> /home/shini/ros2_ws/install/robot_sim/share/robot_sim/launch
[1.979s] copying launch/avoider_exploration.launch.py -> /home/shini/ros2_ws/install/robot_sim/share/robot_sim/launch
[1.979s] copying launch/avoider.launch.py -> /home/shini/ros2_ws/install/robot_sim/share/robot_sim/launch
[1.979s] copying launch/stable_4wd_world.launch.py -> /home/shini/ros2_ws/install/robot_sim/share/robot_sim/launch
[1.980s] copying launch/nav2.launch.py -> /home/shini/ros2_ws/install/robot_sim/share/robot_sim/launch
[1.980s] copying launch/slam.launch.py -> /home/shini/ros2_ws/install/robot_sim/share/robot_sim/launch
[1.980s] copying config/nav2_params.yaml -> /home/shini/ros2_ws/install/robot_sim/share/robot_sim/config
[1.980s] copying config/slam_params.yaml -> /home/shini/ros2_ws/install/robot_sim/share/robot_sim/config
[1.980s] copying models/stable_4wd_robot/model.sdf -> /home/shini/ros2_ws/install/robot_sim/share/robot_sim/models/stable_4wd_robot
[1.981s] running install_egg_info
[2.001s] removing '/home/shini/ros2_ws/install/robot_sim/lib/python3.10/site-packages/robot_sim-0.0.0-py3.10.egg-info' (and everything under it)
[2.003s] Copying ../../build/robot_sim/robot_sim.egg-info to /home/shini/ros2_ws/install/robot_sim/lib/python3.10/site-packages/robot_sim-0.0.0-py3.10.egg-info
[2.004s] running install_scripts
[2.153s] Installing cmd_vel_mixer script to /home/shini/ros2_ws/install/robot_sim/lib/robot_sim
[2.153s] Installing exploration_goal script to /home/shini/ros2_ws/install/robot_sim/lib/robot_sim
[2.153s] Installing navigator script to /home/shini/ros2_ws/install/robot_sim/lib/robot_sim
[2.154s] Installing obstacle_avoider script to /home/shini/ros2_ws/install/robot_sim/lib/robot_sim
[2.154s] Installing obstacle_detector script to /home/shini/ros2_ws/install/robot_sim/lib/robot_sim
[2.154s] Installing vision_node script to /home/shini/ros2_ws/install/robot_sim/lib/robot_sim
[2.155s] writing list of installed files to '/home/shini/ros2_ws/build/robot_sim/install.log'
[2.211s] Invoked command in '/home/shini/ros2_ws/src/robot_sim' returned '0': PYTHONPATH=/home/shini/ros2_ws/build/robot_sim/prefix_override:/usr/lib/python3/dist-packages/colcon_core/task/python/colcon_distutils_commands:/home/shini/ros2_ws/install/robot_sim/lib/python3.10/site-packages:${PYTHONPATH} /usr/bin/python3 -W ignore:setup.py install is deprecated -W ignore:easy_install command is deprecated setup.py egg_info --egg-base ../../build/robot_sim build --build-base /home/shini/ros2_ws/build/robot_sim/build install --record /home/shini/ros2_ws/build/robot_sim/install.log --single-version-externally-managed install_data
