running egg_info
writing ../../build/robot_sim/robot_sim.egg-info/PKG-INFO
writing dependency_links to ../../build/robot_sim/robot_sim.egg-info/dependency_links.txt
writing entry points to ../../build/robot_sim/robot_sim.egg-info/entry_points.txt
writing requirements to ../../build/robot_sim/robot_sim.egg-info/requires.txt
writing top-level names to ../../build/robot_sim/robot_sim.egg-info/top_level.txt
reading manifest file '../../build/robot_sim/robot_sim.egg-info/SOURCES.txt'
writing manifest file '../../build/robot_sim/robot_sim.egg-info/SOURCES.txt'
running build
running build_py
copying robot_sim/astar.py -> /home/shini/ros2_ws/build/robot_sim/build/lib/robot_sim
copying robot_sim/grid_builder.py -> /home/shini/ros2_ws/build/robot_sim/build/lib/robot_sim
copying robot_sim/__init__.py -> /home/shini/ros2_ws/build/robot_sim/build/lib/robot_sim
copying robot_sim/pid_controller.py -> /home/shini/ros2_ws/build/robot_sim/build/lib/robot_sim
copying robot_sim/nodes/obstacle_avoider.py -> /home/shini/ros2_ws/build/robot_sim/build/lib/robot_sim/nodes
copying robot_sim/nodes/obstacle_detector.py -> /home/shini/ros2_ws/build/robot_sim/build/lib/robot_sim/nodes
copying robot_sim/nodes/cmd_vel_mixer.py -> /home/shini/ros2_ws/build/robot_sim/build/lib/robot_sim/nodes
copying robot_sim/nodes/navigator.py -> /home/shini/ros2_ws/build/robot_sim/build/lib/robot_sim/nodes
copying robot_sim/nodes/vision_node.py -> /home/shini/ros2_ws/build/robot_sim/build/lib/robot_sim/nodes
copying robot_sim/nodes/__init__.py -> /home/shini/ros2_ws/build/robot_sim/build/lib/robot_sim/nodes
running install
running install_lib
copying /home/shini/ros2_ws/build/robot_sim/build/lib/robot_sim/nodes/obstacle_avoider.py -> /home/shini/ros2_ws/install/robot_sim/lib/python3.10/site-packages/robot_sim/nodes
copying /home/shini/ros2_ws/build/robot_sim/build/lib/robot_sim/nodes/cmd_vel_mixer.py -> /home/shini/ros2_ws/install/robot_sim/lib/python3.10/site-packages/robot_sim/nodes
copying /home/shini/ros2_ws/build/robot_sim/build/lib/robot_sim/nodes/vision_node.py -> /home/shini/ros2_ws/install/robot_sim/lib/python3.10/site-packages/robot_sim/nodes
byte-compiling /home/shini/ros2_ws/install/robot_sim/lib/python3.10/site-packages/robot_sim/nodes/obstacle_avoider.py to obstacle_avoider.cpython-310.pyc
byte-compiling /home/shini/ros2_ws/install/robot_sim/lib/python3.10/site-packages/robot_sim/nodes/cmd_vel_mixer.py to cmd_vel_mixer.cpython-310.pyc
byte-compiling /home/shini/ros2_ws/install/robot_sim/lib/python3.10/site-packages/robot_sim/nodes/vision_node.py to vision_node.cpython-310.pyc
running install_data
copying resource/robot_sim -> /home/shini/ros2_ws/install/robot_sim/share/ament_index/resource_index/packages
copying package.xml -> /home/shini/ros2_ws/install/robot_sim/share/robot_sim
copying launch/vision.launch.py -> /home/shini/ros2_ws/install/robot_sim/share/robot_sim/launch
copying launch/navigation.launch.py -> /home/shini/ros2_ws/install/robot_sim/share/robot_sim/launch
copying launch/teleop_with_avoider.launch.py -> /home/shini/ros2_ws/install/robot_sim/share/robot_sim/launch
copying launch/avoider.launch.py -> /home/shini/ros2_ws/install/robot_sim/share/robot_sim/launch
copying launch/nav2.launch.py -> /home/shini/ros2_ws/install/robot_sim/share/robot_sim/launch
copying launch/slam.launch.py -> /home/shini/ros2_ws/install/robot_sim/share/robot_sim/launch
creating /home/shini/ros2_ws/install/robot_sim/share/robot_sim/config
copying config/nav2_params.yaml -> /home/shini/ros2_ws/install/robot_sim/share/robot_sim/config
copying config/slam_params.yaml -> /home/shini/ros2_ws/install/robot_sim/share/robot_sim/config
running install_egg_info
removing '/home/shini/ros2_ws/install/robot_sim/lib/python3.10/site-packages/robot_sim-0.0.0-py3.10.egg-info' (and everything under it)
Copying ../../build/robot_sim/robot_sim.egg-info to /home/shini/ros2_ws/install/robot_sim/lib/python3.10/site-packages/robot_sim-0.0.0-py3.10.egg-info
running install_scripts
Installing cmd_vel_mixer script to /home/shini/ros2_ws/install/robot_sim/lib/robot_sim
Installing navigator script to /home/shini/ros2_ws/install/robot_sim/lib/robot_sim
Installing obstacle_avoider script to /home/shini/ros2_ws/install/robot_sim/lib/robot_sim
Installing obstacle_detector script to /home/shini/ros2_ws/install/robot_sim/lib/robot_sim
Installing vision_node script to /home/shini/ros2_ws/install/robot_sim/lib/robot_sim
writing list of installed files to '/home/shini/ros2_ws/build/robot_sim/install.log'
