[1.031s] Invoking command in '/home/shini/ros2_ws/src/robot_sim': PYTHONPATH=/home/shini/ros2_ws/build/robot_sim/prefix_override:/usr/lib/python3/dist-packages/colcon_core/task/python/colcon_distutils_commands:/home/shini/ros2_ws/install/robot_sim/lib/python3.10/site-packages:${PYTHONPATH} /usr/bin/python3 -W ignore:setup.py install is deprecated -W ignore:easy_install command is deprecated setup.py egg_info --egg-base ../../build/robot_sim build --build-base /home/shini/ros2_ws/build/robot_sim/build install --record /home/shini/ros2_ws/build/robot_sim/install.log --single-version-externally-managed install_data
[1.222s] running egg_info
[1.235s] writing ../../build/robot_sim/robot_sim.egg-info/PKG-INFO
[1.245s] writing dependency_links to ../../build/robot_sim/robot_sim.egg-info/dependency_links.txt
[1.245s] writing entry points to ../../build/robot_sim/robot_sim.egg-info/entry_points.txt
[1.246s] writing requirements to ../../build/robot_sim/robot_sim.egg-info/requires.txt
[1.246s] writing top-level names to ../../build/robot_sim/robot_sim.egg-info/top_level.txt
[1.275s] reading manifest file '../../build/robot_sim/robot_sim.egg-info/SOURCES.txt'
[1.275s] writing manifest file '../../build/robot_sim/robot_sim.egg-info/SOURCES.txt'
[1.276s] running build
[1.276s] running build_py
[1.276s] copying robot_sim/astar.py -> /home/shini/ros2_ws/build/robot_sim/build/lib/robot_sim
[1.277s] copying robot_sim/grid_builder.py -> /home/shini/ros2_ws/build/robot_sim/build/lib/robot_sim
[1.277s] copying robot_sim/__init__.py -> /home/shini/ros2_ws/build/robot_sim/build/lib/robot_sim
[1.277s] copying robot_sim/pid_controller.py -> /home/shini/ros2_ws/build/robot_sim/build/lib/robot_sim
[1.278s] copying robot_sim/nodes/obstacle_avoider.py -> /home/shini/ros2_ws/build/robot_sim/build/lib/robot_sim/nodes
[1.278s] copying robot_sim/nodes/obstacle_detector.py -> /home/shini/ros2_ws/build/robot_sim/build/lib/robot_sim/nodes
[1.278s] copying robot_sim/nodes/cmd_vel_mixer.py -> /home/shini/ros2_ws/build/robot_sim/build/lib/robot_sim/nodes
[1.278s] copying robot_sim/nodes/navigator.py -> /home/shini/ros2_ws/build/robot_sim/build/lib/robot_sim/nodes
[1.279s] copying robot_sim/nodes/vision_node.py -> /home/shini/ros2_ws/build/robot_sim/build/lib/robot_sim/nodes
[1.279s] copying robot_sim/nodes/__init__.py -> /home/shini/ros2_ws/build/robot_sim/build/lib/robot_sim/nodes
[1.280s] running install
[1.284s] running install_lib
[1.299s] copying /home/shini/ros2_ws/build/robot_sim/build/lib/robot_sim/nodes/obstacle_avoider.py -> /home/shini/ros2_ws/install/robot_sim/lib/python3.10/site-packages/robot_sim/nodes
[1.299s] copying /home/shini/ros2_ws/build/robot_sim/build/lib/robot_sim/nodes/cmd_vel_mixer.py -> /home/shini/ros2_ws/install/robot_sim/lib/python3.10/site-packages/robot_sim/nodes
[1.300s] copying /home/shini/ros2_ws/build/robot_sim/build/lib/robot_sim/nodes/vision_node.py -> /home/shini/ros2_ws/install/robot_sim/lib/python3.10/site-packages/robot_sim/nodes
[1.300s] byte-compiling /home/shini/ros2_ws/install/robot_sim/lib/python3.10/site-packages/robot_sim/nodes/obstacle_avoider.py to obstacle_avoider.cpython-310.pyc
[1.302s] byte-compiling /home/shini/ros2_ws/install/robot_sim/lib/python3.10/site-packages/robot_sim/nodes/cmd_vel_mixer.py to cmd_vel_mixer.cpython-310.pyc
[1.302s] byte-compiling /home/shini/ros2_ws/install/robot_sim/lib/python3.10/site-packages/robot_sim/nodes/vision_node.py to vision_node.cpython-310.pyc
[1.303s] running install_data
[1.303s] copying resource/robot_sim -> /home/shini/ros2_ws/install/robot_sim/share/ament_index/resource_index/packages
[1.304s] copying package.xml -> /home/shini/ros2_ws/install/robot_sim/share/robot_sim
[1.304s] copying launch/vision.launch.py -> /home/shini/ros2_ws/install/robot_sim/share/robot_sim/launch
[1.305s] copying launch/navigation.launch.py -> /home/shini/ros2_ws/install/robot_sim/share/robot_sim/launch
[1.306s] copying launch/teleop_with_avoider.launch.py -> /home/shini/ros2_ws/install/robot_sim/share/robot_sim/launch
[1.306s] copying launch/avoider.launch.py -> /home/shini/ros2_ws/install/robot_sim/share/robot_sim/launch
[1.306s] copying launch/nav2.launch.py -> /home/shini/ros2_ws/install/robot_sim/share/robot_sim/launch
[1.306s] copying launch/slam.launch.py -> /home/shini/ros2_ws/install/robot_sim/share/robot_sim/launch
[1.306s] creating /home/shini/ros2_ws/install/robot_sim/share/robot_sim/config
[1.306s] copying config/nav2_params.yaml -> /home/shini/ros2_ws/install/robot_sim/share/robot_sim/config
[1.307s] copying config/slam_params.yaml -> /home/shini/ros2_ws/install/robot_sim/share/robot_sim/config
[1.307s] running install_egg_info
[1.321s] removing '/home/shini/ros2_ws/install/robot_sim/lib/python3.10/site-packages/robot_sim-0.0.0-py3.10.egg-info' (and everything under it)
[1.323s] Copying ../../build/robot_sim/robot_sim.egg-info to /home/shini/ros2_ws/install/robot_sim/lib/python3.10/site-packages/robot_sim-0.0.0-py3.10.egg-info
[1.324s] running install_scripts
[1.442s] Installing cmd_vel_mixer script to /home/shini/ros2_ws/install/robot_sim/lib/robot_sim
[1.442s] Installing navigator script to /home/shini/ros2_ws/install/robot_sim/lib/robot_sim
[1.442s] Installing obstacle_avoider script to /home/shini/ros2_ws/install/robot_sim/lib/robot_sim
[1.442s] Installing obstacle_detector script to /home/shini/ros2_ws/install/robot_sim/lib/robot_sim
[1.442s] Installing vision_node script to /home/shini/ros2_ws/install/robot_sim/lib/robot_sim
[1.442s] writing list of installed files to '/home/shini/ros2_ws/build/robot_sim/install.log'
[1.481s] Invoked command in '/home/shini/ros2_ws/src/robot_sim' returned '0': PYTHONPATH=/home/shini/ros2_ws/build/robot_sim/prefix_override:/usr/lib/python3/dist-packages/colcon_core/task/python/colcon_distutils_commands:/home/shini/ros2_ws/install/robot_sim/lib/python3.10/site-packages:${PYTHONPATH} /usr/bin/python3 -W ignore:setup.py install is deprecated -W ignore:easy_install command is deprecated setup.py egg_info --egg-base ../../build/robot_sim build --build-base /home/shini/ros2_ws/build/robot_sim/build install --record /home/shini/ros2_ws/build/robot_sim/install.log --single-version-externally-managed install_data
