[0.860s] Invoking command in '/home/shini/ros2_ws/src/robot_sim': PYTHONPATH=/home/shini/ros2_ws/build/robot_sim/prefix_override:/usr/lib/python3/dist-packages/colcon_core/task/python/colcon_distutils_commands:/home/shini/ros2_ws/install/robot_sim/lib/python3.10/site-packages:${PYTHONPATH} /usr/bin/python3 -W ignore:setup.py install is deprecated -W ignore:easy_install command is deprecated setup.py egg_info --egg-base ../../build/robot_sim build --build-base /home/shini/ros2_ws/build/robot_sim/build install --record /home/shini/ros2_ws/build/robot_sim/install.log --single-version-externally-managed install_data
[1.085s] running egg_info
[1.100s] writing ../../build/robot_sim/robot_sim.egg-info/PKG-INFO
[1.103s] writing dependency_links to ../../build/robot_sim/robot_sim.egg-info/dependency_links.txt
[1.103s] writing entry points to ../../build/robot_sim/robot_sim.egg-info/entry_points.txt
[1.103s] writing requirements to ../../build/robot_sim/robot_sim.egg-info/requires.txt
[1.103s] writing top-level names to ../../build/robot_sim/robot_sim.egg-info/top_level.txt
[1.135s] reading manifest file '../../build/robot_sim/robot_sim.egg-info/SOURCES.txt'
[1.137s] writing manifest file '../../build/robot_sim/robot_sim.egg-info/SOURCES.txt'
[1.137s] running build
[1.137s] running build_py
[1.137s] copying robot_sim/astar.py -> /home/shini/ros2_ws/build/robot_sim/build/lib/robot_sim
[1.138s] copying robot_sim/grid_builder.py -> /home/shini/ros2_ws/build/robot_sim/build/lib/robot_sim
[1.138s] copying robot_sim/__init__.py -> /home/shini/ros2_ws/build/robot_sim/build/lib/robot_sim
[1.138s] copying robot_sim/pid_controller.py -> /home/shini/ros2_ws/build/robot_sim/build/lib/robot_sim
[1.138s] copying robot_sim/nodes/obstacle_detector.py -> /home/shini/ros2_ws/build/robot_sim/build/lib/robot_sim/nodes
[1.138s] copying robot_sim/nodes/navigator.py -> /home/shini/ros2_ws/build/robot_sim/build/lib/robot_sim/nodes
[1.138s] copying robot_sim/nodes/__init__.py -> /home/shini/ros2_ws/build/robot_sim/build/lib/robot_sim/nodes
[1.139s] running install
[1.144s] running install_lib
[1.158s] copying /home/shini/ros2_ws/build/robot_sim/build/lib/robot_sim/nodes/navigator.py -> /home/shini/ros2_ws/install/robot_sim/lib/python3.10/site-packages/robot_sim/nodes
[1.159s] byte-compiling /home/shini/ros2_ws/install/robot_sim/lib/python3.10/site-packages/robot_sim/nodes/navigator.py to navigator.cpython-310.pyc
[1.162s] running install_data
[1.162s] copying resource/robot_sim -> /home/shini/ros2_ws/install/robot_sim/share/ament_index/resource_index/packages
[1.162s] copying package.xml -> /home/shini/ros2_ws/install/robot_sim/share/robot_sim
[1.163s] copying launch/navigation.launch.py -> /home/shini/ros2_ws/install/robot_sim/share/robot_sim/launch
[1.163s] running install_egg_info
[1.177s] removing '/home/shini/ros2_ws/install/robot_sim/lib/python3.10/site-packages/robot_sim-0.0.0-py3.10.egg-info' (and everything under it)
[1.178s] Copying ../../build/robot_sim/robot_sim.egg-info to /home/shini/ros2_ws/install/robot_sim/lib/python3.10/site-packages/robot_sim-0.0.0-py3.10.egg-info
[1.179s] running install_scripts
[1.324s] Installing navigator script to /home/shini/ros2_ws/install/robot_sim/lib/robot_sim
[1.324s] Installing obstacle_detector script to /home/shini/ros2_ws/install/robot_sim/lib/robot_sim
[1.325s] writing list of installed files to '/home/shini/ros2_ws/build/robot_sim/install.log'
[1.366s] Invoked command in '/home/shini/ros2_ws/src/robot_sim' returned '0': PYTHONPATH=/home/shini/ros2_ws/build/robot_sim/prefix_override:/usr/lib/python3/dist-packages/colcon_core/task/python/colcon_distutils_commands:/home/shini/ros2_ws/install/robot_sim/lib/python3.10/site-packages:${PYTHONPATH} /usr/bin/python3 -W ignore:setup.py install is deprecated -W ignore:easy_install command is deprecated setup.py egg_info --egg-base ../../build/robot_sim build --build-base /home/shini/ros2_ws/build/robot_sim/build install --record /home/shini/ros2_ws/build/robot_sim/install.log --single-version-externally-managed install_data
