[0.000000] (-) TimerEvent: {}
[0.000110] (robot_sim) JobQueued: {'identifier': 'robot_sim', 'dependencies': OrderedDict()}
[0.000674] (robot_sim) JobStarted: {'identifier': 'robot_sim'}
[0.099611] (-) TimerEvent: {}
[0.199888] (-) TimerEvent: {}
[0.300170] (-) TimerEvent: {}
[0.400394] (-) TimerEvent: {}
[0.500610] (-) TimerEvent: {}
[0.600820] (-) TimerEvent: {}
[0.701037] (-) TimerEvent: {}
[0.801314] (-) TimerEvent: {}
[0.901664] (-) TimerEvent: {}
[1.002050] (-) TimerEvent: {}
[1.029364] (robot_sim) Command: {'cmd': ['/usr/bin/python3', '-W', 'ignore:setup.py install is deprecated', '-W', 'ignore:easy_install command is deprecated', 'setup.py', 'egg_info', '--egg-base', '../../build/robot_sim', 'build', '--build-base', '/home/shini/ros2_ws/build/robot_sim/build', 'install', '--record', '/home/shini/ros2_ws/build/robot_sim/install.log', '--single-version-externally-managed', 'install_data'], 'cwd': '/home/shini/ros2_ws/src/robot_sim', 'env': {'LESSOPEN': '| /usr/bin/lesspipe %s', 'VSCODE_CWD': '/mnt/c/Users/lucas/AppData/Local/Programs/cursor', 'VSCODE_ESM_ENTRYPOINT': 'vs/workbench/api/node/extensionHostProcess', 'USER': 'shini', 'PHP_INI_SCAN_DIR': '/home/shini/.config/herd-lite/bin:/home/shini/.config/herd-lite/bin:', 'VSCODE_NLS_CONFIG': '{"userLocale":"en","osLocale":"en","resolvedLanguage":"en","defaultMessagesFile":"/home/shini/.cursor-server/bin/8c95649f251a168cc4bb34c89531fae7db4bd990/out/nls.messages.json","locale":"en","availableLanguages":{}}', 'CI': '1', 'VSCODE_HANDLES_UNCAUGHT_ERRORS': 'true', 'SHLVL': '1', 'LD_LIBRARY_PATH': '/usr/lib/x86_64-linux-gnu/gazebo-11/plugins:/opt/ros/humble/opt/rviz_ogre_vendor/lib:/opt/ros/humble/lib/x86_64-linux-gnu:/opt/ros/humble/lib', 'WT_PROFILE_ID': '{51855cb2-8cce-5362-8f54-464b92b32386}', 'HOME': '/home/shini', 'OLDPWD': '/home/shini/ros2_ws', 'NVM_BIN': '/home/shini/.nvm/versions/node/v22.15.0/bin', 'VSCODE_IPC_HOOK_CLI': '/run/user/1000/vscode-ipc-ff4e1bd8-cc6a-4bfa-bfba-503062fbd906.sock', 'NVM_INC': '/home/shini/.nvm/versions/node/v22.15.0/include/node', 'ROS_PYTHON_VERSION': '3', 'NO_COLOR': '1', 'DBUS_SESSION_BUS_ADDRESS': 'unix:path=/run/user/1000/bus', 'WSL_DISTRO_NAME': 'Ubuntu', 'NVM_DIR': '/home/shini/.nvm', 'WAYLAND_DISPLAY': 'wayland-0', 'VSCODE_L10N_BUNDLE_LOCATION': '', 'COLCON_PREFIX_PATH': '/home/shini/ros2_ws/install', 'ROS_DISTRO': 'humble', 'OVSX_REGISTRY_URL': 'https://open-vsx.org', 'LOGNAME': 'shini', 'FORCE_COLOR': '0', 'NAME': 'lucasnote', 'WSL_INTEROP': '/run/WSL/1684_interop', 'VSCODE_HANDLES_SIGPIPE': 'true', 'PULSE_SERVER': 'unix:/mnt/wslg/PulseServer', '_': '/usr/bin/colcon', 'ROS_VERSION': '2', 'TERM': 'dumb', 'ROS_LOCALHOST_ONLY': '0', 'PATH': '/home/shini/.local/bin:/home/shini/.config/herd-lite/bin:/home/shini/.cursor-server/bin/8c95649f251a168cc4bb34c89531fae7db4bd990/bin/remote-cli:/home/shini/.local/bin:/opt/ros/humble/bin:/home/shini/.config/herd-lite/bin:/home/shini/.nvm/versions/node/v22.15.0/bin:/home/shini/.cursor-server/bin/8c95649f251a168cc4bb34c89531fae7db4bd990/bin/remote-cli:/usr/local/sbin:/usr/local/bin:/usr/sbin:/usr/bin:/sbin:/bin:/usr/games:/usr/local/games:/usr/lib/wsl/lib:/mnt/c/Windows/system32:/mnt/c/Windows:/mnt/c/Windows/System32/Wbem:/mnt/c/Windows/System32/WindowsPowerShell/v1.0/:/mnt/c/Windows/System32/OpenSSH/:/mnt/c/xampp/php:/mnt/c/composer:/mnt/c/Program Files (x86)/NVIDIA Corporation/PhysX/Common:/mnt/c/Program Files/WireGuard/:/mnt/c/Program Files/Git/cmd:/mnt/c/Program Files/nodejs/:/mnt/c/WINDOWS/system32:/mnt/c/WINDOWS:/mnt/c/WINDOWS/System32/Wbem:/mnt/c/WINDOWS/System32/WindowsPowerShell/v1.0/:/mnt/c/WINDOWS/System32/OpenSSH/:/mnt/c/Users/lucas/AppData/Local/Programs/cursor/resources/app/bin:/mnt/c/Users/lucas/AppData/Local/Programs/cursor/resources/app/bin:/mnt/c/Program Files/NVIDIA Corporation/NVIDIA App/NvDLISR:/mnt/c/ProgramData/chocolatey/bin:/mnt/c/Program Files/Nefarius Software Solutions/Nefarius VirtualPad Driver Runtime/runtime/x64:/mnt/c/Users/lucas/AppData/Local/Programs/Python/Python311/Scripts/:/mnt/c/Users/lucas/AppData/Local/Programs/Python/Python311/:/mnt/c/Users/lucas/AppData/Local/Microsoft/WindowsApps:/mnt/c/Users/lucas/AppData/Roaming/Composer/vendor/bin:/mnt/c/Users/lucas/AppData/Local/Programs/Microsoft VS Code/bin:/mnt/c/Users/lucas/AppData/Roaming/npm:/mnt/c/Users/lucas/AppData/Local/Programs/cursor/resources/app/bin:/mnt/d/SteamLibrary/steamapps/common/DSX/Main_v3_Beta/:/mnt/d/SteamLibrary/steamapps/common/DSX/Main_v3_Beta/Console:/snap/bin', 'WT_SESSION': 'b0974567-f2ca-4714-8126-5a3c75ca9ce8', 'XDG_RUNTIME_DIR': '/run/user/1000/', 'CURSOR_AGENT': '1', 'DISPLAY': ':0', 'LANG': 'C.UTF-8', 'LS_COLORS': '', 'AMENT_PREFIX_PATH': '/home/shini/ros2_ws/install/robot_sim:/opt/ros/humble', 'SHELL': '/bin/bash', 'LESSCLOSE': '/usr/bin/lesspipe %s %s', 'PWD': '/home/shini/ros2_ws/build/robot_sim', 'TURTLEBOT3_MODEL': 'burger', 'NVM_CD_FLAGS': '', 'XDG_DATA_DIRS': '/usr/local/share:/usr/share:/var/lib/snapd/desktop', 'PYTHONPATH': '/home/shini/ros2_ws/build/robot_sim/prefix_override:/usr/lib/python3/dist-packages/colcon_core/task/python/colcon_distutils_commands:/home/shini/ros2_ws/install/robot_sim/lib/python3.10/site-packages:/home/shini/ros2_ws/install/robot_sim/lib/python3.10/site-packages:/opt/ros/humble/lib/python3.10/site-packages:/opt/ros/humble/local/lib/python3.10/dist-packages', 'COLCON': '1', '_ZO_DOCTOR': '0', 'WSL2_GUI_APPS_ENABLED': '1', 'HOSTTYPE': 'x86_64', 'WSLENV': 'VSCODE_CLI_REMOTE_ENV/w:ELECTRON_RUN_AS_NODE/w:WT_SESSION:WT_PROFILE_ID:'}, 'shell': False}
[1.102183] (-) TimerEvent: {}
[1.202402] (-) TimerEvent: {}
[1.222328] (robot_sim) StdoutLine: {'line': b'running egg_info\n'}
[1.235398] (robot_sim) StdoutLine: {'line': b'writing ../../build/robot_sim/robot_sim.egg-info/PKG-INFO\n'}
[1.245436] (robot_sim) StdoutLine: {'line': b'writing dependency_links to ../../build/robot_sim/robot_sim.egg-info/dependency_links.txt\n'}
[1.245965] (robot_sim) StdoutLine: {'line': b'writing entry points to ../../build/robot_sim/robot_sim.egg-info/entry_points.txt\n'}
[1.246562] (robot_sim) StdoutLine: {'line': b'writing requirements to ../../build/robot_sim/robot_sim.egg-info/requires.txt\n'}
[1.247092] (robot_sim) StdoutLine: {'line': b'writing top-level names to ../../build/robot_sim/robot_sim.egg-info/top_level.txt\n'}
[1.275430] (robot_sim) StdoutLine: {'line': b"reading manifest file '../../build/robot_sim/robot_sim.egg-info/SOURCES.txt'\n"}
[1.276137] (robot_sim) StdoutLine: {'line': b"writing manifest file '../../build/robot_sim/robot_sim.egg-info/SOURCES.txt'\n"}
[1.276444] (robot_sim) StdoutLine: {'line': b'running build\n'}
[1.276626] (robot_sim) StdoutLine: {'line': b'running build_py\n'}
[1.276858] (robot_sim) StdoutLine: {'line': b'copying robot_sim/astar.py -> /home/shini/ros2_ws/build/robot_sim/build/lib/robot_sim\n'}
[1.277149] (robot_sim) StdoutLine: {'line': b'copying robot_sim/grid_builder.py -> /home/shini/ros2_ws/build/robot_sim/build/lib/robot_sim\n'}
[1.277360] (robot_sim) StdoutLine: {'line': b'copying robot_sim/__init__.py -> /home/shini/ros2_ws/build/robot_sim/build/lib/robot_sim\n'}
[1.277923] (robot_sim) StdoutLine: {'line': b'copying robot_sim/pid_controller.py -> /home/shini/ros2_ws/build/robot_sim/build/lib/robot_sim\n'}
[1.278191] (robot_sim) StdoutLine: {'line': b'copying robot_sim/nodes/obstacle_avoider.py -> /home/shini/ros2_ws/build/robot_sim/build/lib/robot_sim/nodes\n'}
[1.278355] (robot_sim) StdoutLine: {'line': b'copying robot_sim/nodes/obstacle_detector.py -> /home/shini/ros2_ws/build/robot_sim/build/lib/robot_sim/nodes\n'}
[1.278523] (robot_sim) StdoutLine: {'line': b'copying robot_sim/nodes/cmd_vel_mixer.py -> /home/shini/ros2_ws/build/robot_sim/build/lib/robot_sim/nodes\n'}
[1.278652] (robot_sim) StdoutLine: {'line': b'copying robot_sim/nodes/navigator.py -> /home/shini/ros2_ws/build/robot_sim/build/lib/robot_sim/nodes\n'}
[1.279186] (robot_sim) StdoutLine: {'line': b'copying robot_sim/nodes/vision_node.py -> /home/shini/ros2_ws/build/robot_sim/build/lib/robot_sim/nodes\n'}
[1.279453] (robot_sim) StdoutLine: {'line': b'copying robot_sim/nodes/__init__.py -> /home/shini/ros2_ws/build/robot_sim/build/lib/robot_sim/nodes\n'}
[1.280140] (robot_sim) StdoutLine: {'line': b'running install\n'}
[1.284762] (robot_sim) StdoutLine: {'line': b'running install_lib\n'}
[1.299180] (robot_sim) StdoutLine: {'line': b'copying /home/shini/ros2_ws/build/robot_sim/build/lib/robot_sim/nodes/obstacle_avoider.py -> /home/shini/ros2_ws/install/robot_sim/lib/python3.10/site-packages/robot_sim/nodes\n'}
[1.299764] (robot_sim) StdoutLine: {'line': b'copying /home/shini/ros2_ws/build/robot_sim/build/lib/robot_sim/nodes/cmd_vel_mixer.py -> /home/shini/ros2_ws/install/robot_sim/lib/python3.10/site-packages/robot_sim/nodes\n'}
[1.300146] (robot_sim) StdoutLine: {'line': b'copying /home/shini/ros2_ws/build/robot_sim/build/lib/robot_sim/nodes/vision_node.py -> /home/shini/ros2_ws/install/robot_sim/lib/python3.10/site-packages/robot_sim/nodes\n'}
[1.300938] (robot_sim) StdoutLine: {'line': b'byte-compiling /home/shini/ros2_ws/install/robot_sim/lib/python3.10/site-packages/robot_sim/nodes/obstacle_avoider.py to obstacle_avoider.cpython-310.pyc\n'}
[1.302389] (robot_sim) StdoutLine: {'line': b'byte-compiling /home/shini/ros2_ws/install/robot_sim/lib/python3.10/site-packages/robot_sim/nodes/cmd_vel_mixer.py to cmd_vel_mixer.cpython-310.pyc\n'}
[1.302529] (-) TimerEvent: {}
[1.302758] (robot_sim) StdoutLine: {'line': b'byte-compiling /home/shini/ros2_ws/install/robot_sim/lib/python3.10/site-packages/robot_sim/nodes/vision_node.py to vision_node.cpython-310.pyc\n'}
[1.303753] (robot_sim) StdoutLine: {'line': b'running install_data\n'}
[1.303852] (robot_sim) StdoutLine: {'line': b'copying resource/robot_sim -> /home/shini/ros2_ws/install/robot_sim/share/ament_index/resource_index/packages\n'}
[1.304137] (robot_sim) StdoutLine: {'line': b'copying package.xml -> /home/shini/ros2_ws/install/robot_sim/share/robot_sim\n'}
[1.304364] (robot_sim) StdoutLine: {'line': b'copying launch/vision.launch.py -> /home/shini/ros2_ws/install/robot_sim/share/robot_sim/launch\n'}
[1.305480] (robot_sim) StdoutLine: {'line': b'copying launch/navigation.launch.py -> /home/shini/ros2_ws/install/robot_sim/share/robot_sim/launch\n'}
[1.305943] (robot_sim) StdoutLine: {'line': b'copying launch/teleop_with_avoider.launch.py -> /home/shini/ros2_ws/install/robot_sim/share/robot_sim/launch\n'}
[1.306273] (robot_sim) StdoutLine: {'line': b'copying launch/avoider.launch.py -> /home/shini/ros2_ws/install/robot_sim/share/robot_sim/launch\n'}
[1.306336] (robot_sim) StdoutLine: {'line': b'copying launch/nav2.launch.py -> /home/shini/ros2_ws/install/robot_sim/share/robot_sim/launch\n'}
[1.306371] (robot_sim) StdoutLine: {'line': b'copying launch/slam.launch.py -> /home/shini/ros2_ws/install/robot_sim/share/robot_sim/launch\n'}
[1.306405] (robot_sim) StdoutLine: {'line': b'creating /home/shini/ros2_ws/install/robot_sim/share/robot_sim/config\n'}
[1.307062] (robot_sim) StdoutLine: {'line': b'copying config/nav2_params.yaml -> /home/shini/ros2_ws/install/robot_sim/share/robot_sim/config\n'}
[1.307401] (robot_sim) StdoutLine: {'line': b'copying config/slam_params.yaml -> /home/shini/ros2_ws/install/robot_sim/share/robot_sim/config\n'}
[1.307472] (robot_sim) StdoutLine: {'line': b'running install_egg_info\n'}
[1.321996] (robot_sim) StdoutLine: {'line': b"removing '/home/shini/ros2_ws/install/robot_sim/lib/python3.10/site-packages/robot_sim-0.0.0-py3.10.egg-info' (and everything under it)\n"}
[1.323366] (robot_sim) StdoutLine: {'line': b'Copying ../../build/robot_sim/robot_sim.egg-info to /home/shini/ros2_ws/install/robot_sim/lib/python3.10/site-packages/robot_sim-0.0.0-py3.10.egg-info\n'}
[1.324233] (robot_sim) StdoutLine: {'line': b'running install_scripts\n'}
[1.402615] (-) TimerEvent: {}
[1.442026] (robot_sim) StdoutLine: {'line': b'Installing cmd_vel_mixer script to /home/shini/ros2_ws/install/robot_sim/lib/robot_sim\n'}
[1.442453] (robot_sim) StdoutLine: {'line': b'Installing navigator script to /home/shini/ros2_ws/install/robot_sim/lib/robot_sim\n'}
[1.442691] (robot_sim) StdoutLine: {'line': b'Installing obstacle_avoider script to /home/shini/ros2_ws/install/robot_sim/lib/robot_sim\n'}
[1.442733] (robot_sim) StdoutLine: {'line': b'Installing obstacle_detector script to /home/shini/ros2_ws/install/robot_sim/lib/robot_sim\n'}
[1.442770] (robot_sim) StdoutLine: {'line': b'Installing vision_node script to /home/shini/ros2_ws/install/robot_sim/lib/robot_sim\n'}
[1.443082] (robot_sim) StdoutLine: {'line': b"writing list of installed files to '/home/shini/ros2_ws/build/robot_sim/install.log'\n"}
[1.480940] (robot_sim) CommandEnded: {'returncode': 0}
[1.502715] (-) TimerEvent: {}
[1.508050] (robot_sim) JobEnded: {'identifier': 'robot_sim', 'rc': 0}
[1.508915] (-) EventReactorShutdown: {}
