[0.000000] (-) TimerEvent: {}
[0.000635] (robot_sim) JobQueued: {'identifier': 'robot_sim', 'dependencies': OrderedDict()}
[0.000959] (robot_sim) JobStarted: {'identifier': 'robot_sim'}
[0.098768] (-) TimerEvent: {}
[0.199368] (-) TimerEvent: {}
[0.299844] (-) TimerEvent: {}
[0.400381] (-) TimerEvent: {}
[0.500654] (-) TimerEvent: {}
[0.601402] (-) TimerEvent: {}
[0.702466] (-) TimerEvent: {}
[0.803602] (-) TimerEvent: {}
[0.904398] (-) TimerEvent: {}
[1.005090] (-) TimerEvent: {}
[1.105769] (-) TimerEvent: {}
[1.206771] (-) TimerEvent: {}
[1.307436] (-) TimerEvent: {}
[1.365236] (robot_sim) Command: {'cmd': ['/usr/bin/python3', '-W', 'ignore:setup.py install is deprecated', '-W', 'ignore:easy_install command is deprecated', 'setup.py', 'develop', '--editable', '--build-directory', '/home/shini/ros2_ws/build/robot_sim/build', '--no-deps', 'symlink_data'], 'cwd': '/home/shini/ros2_ws/build/robot_sim', 'env': {'LESSOPEN': '| /usr/bin/lesspipe %s', 'VSCODE_CWD': '/mnt/c/Users/lucas/AppData/Local/Programs/cursor', 'VSCODE_ESM_ENTRYPOINT': 'vs/workbench/api/node/extensionHostProcess', 'USER': 'shini', 'PHP_INI_SCAN_DIR': '/home/shini/.config/herd-lite/bin:/home/shini/.config/herd-lite/bin:', 'VSCODE_NLS_CONFIG': '{"userLocale":"en","osLocale":"en","resolvedLanguage":"en","defaultMessagesFile":"/home/shini/.cursor-server/bin/68fbec5aed9da587d1c6a64172792f505bafa250/out/nls.messages.json","locale":"en","availableLanguages":{}}', 'CI': '1', 'VSCODE_HANDLES_UNCAUGHT_ERRORS': 'true', 'SHLVL': '1', 'LD_LIBRARY_PATH': '/usr/lib/x86_64-linux-gnu/gazebo-11/plugins:/opt/ros/humble/opt/rviz_ogre_vendor/lib:/opt/ros/humble/lib/x86_64-linux-gnu:/opt/ros/humble/lib', 'WT_PROFILE_ID': '{51855cb2-8cce-5362-8f54-464b92b32386}', 'HOME': '/home/shini', 'OLDPWD': '/home/shini/ros2_ws', 'NVM_BIN': '/home/shini/.nvm/versions/node/v22.15.0/bin', 'VSCODE_IPC_HOOK_CLI': '/run/user/1000/vscode-ipc-c1e5a31f-06a5-404f-a12a-d1a8b4793cae.sock', 'NVM_INC': '/home/shini/.nvm/versions/node/v22.15.0/include/node', 'ROS_PYTHON_VERSION': '3', 'NO_COLOR': '1', 'DBUS_SESSION_BUS_ADDRESS': 'unix:path=/run/user/1000/bus', 'WSL_DISTRO_NAME': 'Ubuntu', 'NVM_DIR': '/home/shini/.nvm', 'WAYLAND_DISPLAY': 'wayland-0', 'VSCODE_L10N_BUNDLE_LOCATION': '', 'COLCON_PREFIX_PATH': '/home/shini/ros2_ws/install', 'ROS_DISTRO': 'humble', 'OVSX_REGISTRY_URL': 'https://open-vsx.org', 'LOGNAME': 'shini', 'FORCE_COLOR': '0', 'NAME': 'lucasnote', 'WSL_INTEROP': '/run/WSL/5824_interop', 'VSCODE_HANDLES_SIGPIPE': 'true', 'PULSE_SERVER': 'unix:/mnt/wslg/PulseServer', '_': '/usr/bin/colcon', 'ROS_VERSION': '2', 'TERM': 'dumb', 'ROS_LOCALHOST_ONLY': '0', 'PATH': '/home/shini/.local/bin:/home/shini/.config/herd-lite/bin:/home/shini/.cursor-server/bin/68fbec5aed9da587d1c6a64172792f505bafa250/bin/remote-cli:/home/shini/.local/bin:/opt/ros/humble/bin:/home/shini/.config/herd-lite/bin:/home/shini/.nvm/versions/node/v22.15.0/bin:/home/shini/.cursor-server/bin/68fbec5aed9da587d1c6a64172792f505bafa250/bin/remote-cli:/usr/local/sbin:/usr/local/bin:/usr/sbin:/usr/bin:/sbin:/bin:/usr/games:/usr/local/games:/usr/lib/wsl/lib:/mnt/c/Windows/system32:/mnt/c/Windows:/mnt/c/Windows/System32/Wbem:/mnt/c/Windows/System32/WindowsPowerShell/v1.0/:/mnt/c/Windows/System32/OpenSSH/:/mnt/c/xampp/php:/mnt/c/composer:/mnt/c/Program Files (x86)/NVIDIA Corporation/PhysX/Common:/mnt/c/Program Files/WireGuard/:/mnt/c/Program Files/Git/cmd:/mnt/c/Program Files/nodejs/:/mnt/c/WINDOWS/system32:/mnt/c/WINDOWS:/mnt/c/WINDOWS/System32/Wbem:/mnt/c/WINDOWS/System32/WindowsPowerShell/v1.0/:/mnt/c/WINDOWS/System32/OpenSSH/:/mnt/c/Users/lucas/AppData/Local/Programs/cursor/resources/app/bin:/mnt/c/Users/lucas/AppData/Local/Programs/cursor/resources/app/bin:/mnt/c/Program Files/NVIDIA Corporation/NVIDIA App/NvDLISR:/mnt/c/ProgramData/chocolatey/bin:/mnt/c/Program Files/Nefarius Software Solutions/Nefarius VirtualPad Driver Runtime/runtime/x64:/mnt/c/Users/lucas/AppData/Local/Programs/Python/Python311/Scripts/:/mnt/c/Users/lucas/AppData/Local/Programs/Python/Python311/:/mnt/c/Users/lucas/AppData/Local/Microsoft/WindowsApps:/mnt/c/Users/lucas/AppData/Roaming/Composer/vendor/bin:/mnt/c/Users/lucas/AppData/Local/Programs/Microsoft VS Code/bin:/mnt/c/Users/lucas/AppData/Roaming/npm:/mnt/c/Users/lucas/AppData/Local/Programs/cursor/resources/app/bin:/mnt/d/SteamLibrary/steamapps/common/DSX/Main_v3_Beta/:/mnt/d/SteamLibrary/steamapps/common/DSX/Main_v3_Beta/Console:/snap/bin', 'WT_SESSION': 'bde09663-bd8b-441b-9d33-f9b7fc7ca6d6', 'XDG_RUNTIME_DIR': '/run/user/1000/', 'CURSOR_AGENT': '1', 'DISPLAY': ':0', 'LANG': 'C.UTF-8', 'LS_COLORS': '', 'AMENT_PREFIX_PATH': '/home/shini/ros2_ws/install/robot_sim:/opt/ros/humble', 'SHELL': '/bin/bash', 'LESSCLOSE': '/usr/bin/lesspipe %s %s', 'PWD': '/home/shini/ros2_ws/build/robot_sim', 'TURTLEBOT3_MODEL': 'burger', 'NVM_CD_FLAGS': '', 'XDG_DATA_DIRS': '/usr/local/share:/usr/share:/var/lib/snapd/desktop', 'PYTHONPATH': '/home/shini/ros2_ws/build/robot_sim/prefix_override:/usr/lib/python3/dist-packages/colcon_core/task/python/colcon_distutils_commands:/home/shini/ros2_ws/install/robot_sim/lib/python3.10/site-packages:/home/shini/ros2_ws/install/robot_sim/lib/python3.10/site-packages:/opt/ros/humble/lib/python3.10/site-packages:/opt/ros/humble/local/lib/python3.10/dist-packages', 'COLCON': '1', '_ZO_DOCTOR': '0', 'WSL2_GUI_APPS_ENABLED': '1', 'HOSTTYPE': 'x86_64', 'WSLENV': 'VSCODE_CLI_REMOTE_ENV/w:ELECTRON_RUN_AS_NODE/w:WT_SESSION:WT_PROFILE_ID:'}, 'shell': False}
[1.408807] (-) TimerEvent: {}
[1.509493] (-) TimerEvent: {}
[1.610052] (-) TimerEvent: {}
[1.710800] (-) TimerEvent: {}
[1.803114] (robot_sim) StdoutLine: {'line': b'running develop\n'}
[1.811158] (-) TimerEvent: {}
[1.912108] (-) TimerEvent: {}
[2.014125] (-) TimerEvent: {}
[2.069448] (robot_sim) StdoutLine: {'line': b'running egg_info\n'}
[2.086736] (robot_sim) StdoutLine: {'line': b'writing robot_sim.egg-info/PKG-INFO\n'}
[2.088603] (robot_sim) StdoutLine: {'line': b'writing dependency_links to robot_sim.egg-info/dependency_links.txt\n'}
[2.089489] (robot_sim) StdoutLine: {'line': b'writing entry points to robot_sim.egg-info/entry_points.txt\n'}
[2.091152] (robot_sim) StdoutLine: {'line': b'writing requirements to robot_sim.egg-info/requires.txt\n'}
[2.091971] (robot_sim) StdoutLine: {'line': b'writing top-level names to robot_sim.egg-info/top_level.txt\n'}
[2.114578] (-) TimerEvent: {}
[2.133525] (robot_sim) StdoutLine: {'line': b"reading manifest file 'robot_sim.egg-info/SOURCES.txt'\n"}
[2.134797] (robot_sim) StdoutLine: {'line': b"writing manifest file 'robot_sim.egg-info/SOURCES.txt'\n"}
[2.157118] (robot_sim) StdoutLine: {'line': b'running build_ext\n'}
[2.157551] (robot_sim) StdoutLine: {'line': b'Creating /home/shini/ros2_ws/install/robot_sim/lib/python3.10/site-packages/robot-sim.egg-link (link to .)\n'}
[2.158729] (robot_sim) StdoutLine: {'line': b'Installing cmd_vel_mixer script to /home/shini/ros2_ws/install/robot_sim/lib/robot_sim\n'}
[2.159236] (robot_sim) StdoutLine: {'line': b'Installing exploration_goal script to /home/shini/ros2_ws/install/robot_sim/lib/robot_sim\n'}
[2.159552] (robot_sim) StdoutLine: {'line': b'Installing navigator script to /home/shini/ros2_ws/install/robot_sim/lib/robot_sim\n'}
[2.159902] (robot_sim) StdoutLine: {'line': b'Installing obstacle_avoider script to /home/shini/ros2_ws/install/robot_sim/lib/robot_sim\n'}
[2.160049] (robot_sim) StdoutLine: {'line': b'Installing obstacle_detector script to /home/shini/ros2_ws/install/robot_sim/lib/robot_sim\n'}
[2.160309] (robot_sim) StdoutLine: {'line': b'Installing vision_node script to /home/shini/ros2_ws/install/robot_sim/lib/robot_sim\n'}
[2.160572] (robot_sim) StdoutLine: {'line': b'\n'}
[2.160634] (robot_sim) StdoutLine: {'line': b'Installed /home/shini/ros2_ws/build/robot_sim\n'}
[2.160674] (robot_sim) StdoutLine: {'line': b'running symlink_data\n'}
[2.160979] (robot_sim) StdoutLine: {'line': b'symbolically linking /home/shini/ros2_ws/build/robot_sim/launch/turtlebot3_world_delayed.launch.py -> /home/shini/ros2_ws/install/robot_sim/share/robot_sim/launch\n'}
[2.214981] (-) TimerEvent: {}
[2.294330] (robot_sim) CommandEnded: {'returncode': 0}
[2.314289] (robot_sim) JobEnded: {'identifier': 'robot_sim', 'rc': 0}
[2.315952] (-) TimerEvent: {}
[2.316177] (-) EventReactorShutdown: {}
