[0.657s] Invoking command in '/home/shini/ros2_ws/src/robot_sim': PYTHONPATH=/home/shini/ros2_ws/build/robot_sim/prefix_override:/usr/lib/python3/dist-packages/colcon_core/task/python/colcon_distutils_commands:/home/shini/ros2_ws/install/robot_sim/lib/python3.10/site-packages:${PYTHONPATH} /usr/bin/python3 -W ignore:setup.py install is deprecated -W ignore:easy_install command is deprecated setup.py egg_info --egg-base ../../build/robot_sim build --build-base /home/shini/ros2_ws/build/robot_sim/build install --record /home/shini/ros2_ws/build/robot_sim/install.log --single-version-externally-managed install_data
[0.832s] running egg_info
[0.844s] writing ../../build/robot_sim/robot_sim.egg-info/PKG-INFO
[0.845s] writing dependency_links to ../../build/robot_sim/robot_sim.egg-info/dependency_links.txt
[0.845s] writing entry points to ../../build/robot_sim/robot_sim.egg-info/entry_points.txt
[0.845s] writing requirements to ../../build/robot_sim/robot_sim.egg-info/requires.txt
[0.845s] writing top-level names to ../../build/robot_sim/robot_sim.egg-info/top_level.txt
[0.873s] reading manifest file '../../build/robot_sim/robot_sim.egg-info/SOURCES.txt'
[0.873s] writing manifest file '../../build/robot_sim/robot_sim.egg-info/SOURCES.txt'
[0.873s] running build
[0.873s] running build_py
[0.874s] copying robot_sim/astar.py -> /home/shini/ros2_ws/build/robot_sim/build/lib/robot_sim
[0.874s] copying robot_sim/grid_builder.py -> /home/shini/ros2_ws/build/robot_sim/build/lib/robot_sim
[0.874s] copying robot_sim/__init__.py -> /home/shini/ros2_ws/build/robot_sim/build/lib/robot_sim
[0.874s] copying robot_sim/pid_controller.py -> /home/shini/ros2_ws/build/robot_sim/build/lib/robot_sim
[0.875s] copying robot_sim/nodes/obstacle_detector.py -> /home/shini/ros2_ws/build/robot_sim/build/lib/robot_sim/nodes
[0.875s] copying robot_sim/nodes/navigator.py -> /home/shini/ros2_ws/build/robot_sim/build/lib/robot_sim/nodes
[0.875s] copying robot_sim/nodes/__init__.py -> /home/shini/ros2_ws/build/robot_sim/build/lib/robot_sim/nodes
[0.875s] running install
[0.880s] running install_lib
[0.893s] copying /home/shini/ros2_ws/build/robot_sim/build/lib/robot_sim/nodes/navigator.py -> /home/shini/ros2_ws/install/robot_sim/lib/python3.10/site-packages/robot_sim/nodes
[0.893s] copying /home/shini/ros2_ws/build/robot_sim/build/lib/robot_sim/astar.py -> /home/shini/ros2_ws/install/robot_sim/lib/python3.10/site-packages/robot_sim
[0.893s] byte-compiling /home/shini/ros2_ws/install/robot_sim/lib/python3.10/site-packages/robot_sim/nodes/navigator.py to navigator.cpython-310.pyc
[0.895s] byte-compiling /home/shini/ros2_ws/install/robot_sim/lib/python3.10/site-packages/robot_sim/astar.py to astar.cpython-310.pyc
[0.896s] running install_data
[0.896s] copying resource/robot_sim -> /home/shini/ros2_ws/install/robot_sim/share/ament_index/resource_index/packages
[0.896s] copying package.xml -> /home/shini/ros2_ws/install/robot_sim/share/robot_sim
[0.896s] copying launch/navigation.launch.py -> /home/shini/ros2_ws/install/robot_sim/share/robot_sim/launch
[0.897s] running install_egg_info
[0.910s] removing '/home/shini/ros2_ws/install/robot_sim/lib/python3.10/site-packages/robot_sim-0.0.0-py3.10.egg-info' (and everything under it)
[0.910s] Copying ../../build/robot_sim/robot_sim.egg-info to /home/shini/ros2_ws/install/robot_sim/lib/python3.10/site-packages/robot_sim-0.0.0-py3.10.egg-info
[0.911s] running install_scripts
[1.018s] Installing navigator script to /home/shini/ros2_ws/install/robot_sim/lib/robot_sim
[1.018s] Installing obstacle_detector script to /home/shini/ros2_ws/install/robot_sim/lib/robot_sim
[1.019s] writing list of installed files to '/home/shini/ros2_ws/build/robot_sim/install.log'
[1.043s] Invoked command in '/home/shini/ros2_ws/src/robot_sim' returned '0': PYTHONPATH=/home/shini/ros2_ws/build/robot_sim/prefix_override:/usr/lib/python3/dist-packages/colcon_core/task/python/colcon_distutils_commands:/home/shini/ros2_ws/install/robot_sim/lib/python3.10/site-packages:${PYTHONPATH} /usr/bin/python3 -W ignore:setup.py install is deprecated -W ignore:easy_install command is deprecated setup.py egg_info --egg-base ../../build/robot_sim build --build-base /home/shini/ros2_ws/build/robot_sim/build install --record /home/shini/ros2_ws/build/robot_sim/install.log --single-version-externally-managed install_data
