[0.941s] Invoking command in '/home/shini/ros2_ws/src/robot_sim': PYTHONPATH=/home/shini/ros2_ws/build/robot_sim/prefix_override:/usr/lib/python3/dist-packages/colcon_core/task/python/colcon_distutils_commands:/home/shini/ros2_ws/install/robot_sim/lib/python3.10/site-packages:${PYTHONPATH} /usr/bin/python3 -W ignore:setup.py install is deprecated -W ignore:easy_install command is deprecated setup.py egg_info --egg-base ../../build/robot_sim build --build-base /home/shini/ros2_ws/build/robot_sim/build install --record /home/shini/ros2_ws/build/robot_sim/install.log --single-version-externally-managed install_data
[1.124s] running egg_info
[1.124s] creating ../../build/robot_sim/robot_sim.egg-info
[1.137s] writing ../../build/robot_sim/robot_sim.egg-info/PKG-INFO
[1.137s] writing dependency_links to ../../build/robot_sim/robot_sim.egg-info/dependency_links.txt
[1.138s] writing entry points to ../../build/robot_sim/robot_sim.egg-info/entry_points.txt
[1.138s] writing requirements to ../../build/robot_sim/robot_sim.egg-info/requires.txt
[1.138s] writing top-level names to ../../build/robot_sim/robot_sim.egg-info/top_level.txt
[1.138s] writing manifest file '../../build/robot_sim/robot_sim.egg-info/SOURCES.txt'
[1.164s] reading manifest file '../../build/robot_sim/robot_sim.egg-info/SOURCES.txt'
[1.164s] writing manifest file '../../build/robot_sim/robot_sim.egg-info/SOURCES.txt'
[1.165s] running build
[1.165s] running build_py
[1.165s] creating /home/shini/ros2_ws/build/robot_sim/build
[1.165s] creating /home/shini/ros2_ws/build/robot_sim/build/lib
[1.165s] creating /home/shini/ros2_ws/build/robot_sim/build/lib/robot_sim
[1.165s] copying robot_sim/astar.py -> /home/shini/ros2_ws/build/robot_sim/build/lib/robot_sim
[1.165s] copying robot_sim/grid_builder.py -> /home/shini/ros2_ws/build/robot_sim/build/lib/robot_sim
[1.174s] copying robot_sim/__init__.py -> /home/shini/ros2_ws/build/robot_sim/build/lib/robot_sim
[1.174s] copying robot_sim/pid_controller.py -> /home/shini/ros2_ws/build/robot_sim/build/lib/robot_sim
[1.174s] creating /home/shini/ros2_ws/build/robot_sim/build/lib/robot_sim/nodes
[1.175s] copying robot_sim/nodes/obstacle_detector.py -> /home/shini/ros2_ws/build/robot_sim/build/lib/robot_sim/nodes
[1.175s] copying robot_sim/nodes/navigator.py -> /home/shini/ros2_ws/build/robot_sim/build/lib/robot_sim/nodes
[1.176s] copying robot_sim/nodes/__init__.py -> /home/shini/ros2_ws/build/robot_sim/build/lib/robot_sim/nodes
[1.176s] running install
[1.180s] running install_lib
[1.193s] creating /home/shini/ros2_ws/install/robot_sim/lib/python3.10/site-packages/robot_sim
[1.193s] creating /home/shini/ros2_ws/install/robot_sim/lib/python3.10/site-packages/robot_sim/nodes
[1.194s] copying /home/shini/ros2_ws/build/robot_sim/build/lib/robot_sim/nodes/obstacle_detector.py -> /home/shini/ros2_ws/install/robot_sim/lib/python3.10/site-packages/robot_sim/nodes
[1.194s] copying /home/shini/ros2_ws/build/robot_sim/build/lib/robot_sim/nodes/navigator.py -> /home/shini/ros2_ws/install/robot_sim/lib/python3.10/site-packages/robot_sim/nodes
[1.194s] copying /home/shini/ros2_ws/build/robot_sim/build/lib/robot_sim/nodes/__init__.py -> /home/shini/ros2_ws/install/robot_sim/lib/python3.10/site-packages/robot_sim/nodes
[1.194s] copying /home/shini/ros2_ws/build/robot_sim/build/lib/robot_sim/astar.py -> /home/shini/ros2_ws/install/robot_sim/lib/python3.10/site-packages/robot_sim
[1.194s] copying /home/shini/ros2_ws/build/robot_sim/build/lib/robot_sim/grid_builder.py -> /home/shini/ros2_ws/install/robot_sim/lib/python3.10/site-packages/robot_sim
[1.194s] copying /home/shini/ros2_ws/build/robot_sim/build/lib/robot_sim/__init__.py -> /home/shini/ros2_ws/install/robot_sim/lib/python3.10/site-packages/robot_sim
[1.194s] copying /home/shini/ros2_ws/build/robot_sim/build/lib/robot_sim/pid_controller.py -> /home/shini/ros2_ws/install/robot_sim/lib/python3.10/site-packages/robot_sim
[1.195s] byte-compiling /home/shini/ros2_ws/install/robot_sim/lib/python3.10/site-packages/robot_sim/nodes/obstacle_detector.py to obstacle_detector.cpython-310.pyc
[1.196s] byte-compiling /home/shini/ros2_ws/install/robot_sim/lib/python3.10/site-packages/robot_sim/nodes/navigator.py to navigator.cpython-310.pyc
[1.197s] byte-compiling /home/shini/ros2_ws/install/robot_sim/lib/python3.10/site-packages/robot_sim/nodes/__init__.py to __init__.cpython-310.pyc
[1.197s] byte-compiling /home/shini/ros2_ws/install/robot_sim/lib/python3.10/site-packages/robot_sim/astar.py to astar.cpython-310.pyc
[1.198s] byte-compiling /home/shini/ros2_ws/install/robot_sim/lib/python3.10/site-packages/robot_sim/grid_builder.py to grid_builder.cpython-310.pyc
[1.198s] byte-compiling /home/shini/ros2_ws/install/robot_sim/lib/python3.10/site-packages/robot_sim/__init__.py to __init__.cpython-310.pyc
[1.198s] byte-compiling /home/shini/ros2_ws/install/robot_sim/lib/python3.10/site-packages/robot_sim/pid_controller.py to pid_controller.cpython-310.pyc
[1.199s] running install_data
[1.199s] creating /home/shini/ros2_ws/install/robot_sim/share/ament_index
[1.199s] creating /home/shini/ros2_ws/install/robot_sim/share/ament_index/resource_index
[1.200s] creating /home/shini/ros2_ws/install/robot_sim/share/ament_index/resource_index/packages
[1.201s] copying resource/robot_sim -> /home/shini/ros2_ws/install/robot_sim/share/ament_index/resource_index/packages
[1.201s] copying package.xml -> /home/shini/ros2_ws/install/robot_sim/share/robot_sim
[1.201s] creating /home/shini/ros2_ws/install/robot_sim/share/robot_sim/launch
[1.202s] copying launch/navigation.launch.py -> /home/shini/ros2_ws/install/robot_sim/share/robot_sim/launch
[1.205s] running install_egg_info
[1.219s] Copying ../../build/robot_sim/robot_sim.egg-info to /home/shini/ros2_ws/install/robot_sim/lib/python3.10/site-packages/robot_sim-0.0.0-py3.10.egg-info
[1.220s] running install_scripts
[1.331s] Installing navigator script to /home/shini/ros2_ws/install/robot_sim/lib/robot_sim
[1.331s] Installing obstacle_detector script to /home/shini/ros2_ws/install/robot_sim/lib/robot_sim
[1.331s] writing list of installed files to '/home/shini/ros2_ws/build/robot_sim/install.log'
[1.362s] Invoked command in '/home/shini/ros2_ws/src/robot_sim' returned '0': PYTHONPATH=/home/shini/ros2_ws/build/robot_sim/prefix_override:/usr/lib/python3/dist-packages/colcon_core/task/python/colcon_distutils_commands:/home/shini/ros2_ws/install/robot_sim/lib/python3.10/site-packages:${PYTHONPATH} /usr/bin/python3 -W ignore:setup.py install is deprecated -W ignore:easy_install command is deprecated setup.py egg_info --egg-base ../../build/robot_sim build --build-base /home/shini/ros2_ws/build/robot_sim/build install --record /home/shini/ros2_ws/build/robot_sim/install.log --single-version-externally-managed install_data
