running develop
running egg_info
writing robot_sim.egg-info/PKG-INFO
writing dependency_links to robot_sim.egg-info/dependency_links.txt
writing entry points to robot_sim.egg-info/entry_points.txt
writing requirements to robot_sim.egg-info/requires.txt
writing top-level names to robot_sim.egg-info/top_level.txt
reading manifest file 'robot_sim.egg-info/SOURCES.txt'
writing manifest file 'robot_sim.egg-info/SOURCES.txt'
running build_ext
Creating /home/shini/ros2_ws/install/robot_sim/lib/python3.10/site-packages/robot-sim.egg-link (link to .)
Installing cmd_vel_mixer script to /home/shini/ros2_ws/install/robot_sim/lib/robot_sim
Installing exploration_goal script to /home/shini/ros2_ws/install/robot_sim/lib/robot_sim
Installing navigator script to /home/shini/ros2_ws/install/robot_sim/lib/robot_sim
Installing obstacle_avoider script to /home/shini/ros2_ws/install/robot_sim/lib/robot_sim
Installing obstacle_detector script to /home/shini/ros2_ws/install/robot_sim/lib/robot_sim
Installing vision_node script to /home/shini/ros2_ws/install/robot_sim/lib/robot_sim

Installed /home/shini/ros2_ws/build/robot_sim
running symlink_data
symbolically linking /home/shini/ros2_ws/build/robot_sim/launch/turtlebot3_world_delayed.launch.py -> /home/shini/ros2_ws/install/robot_sim/share/robot_sim/launch
