[1.366s] Invoking command in '/home/shini/ros2_ws/build/robot_sim': PYTHONPATH=/home/shini/ros2_ws/build/robot_sim/prefix_override:/usr/lib/python3/dist-packages/colcon_core/task/python/colcon_distutils_commands:/home/shini/ros2_ws/install/robot_sim/lib/python3.10/site-packages:${PYTHONPATH} /usr/bin/python3 -W ignore:setup.py install is deprecated -W ignore:easy_install command is deprecated setup.py develop --editable --build-directory /home/shini/ros2_ws/build/robot_sim/build --no-deps symlink_data
[1.802s] running develop
[2.069s] running egg_info
[2.086s] writing robot_sim.egg-info/PKG-INFO
[2.088s] writing dependency_links to robot_sim.egg-info/dependency_links.txt
[2.089s] writing entry points to robot_sim.egg-info/entry_points.txt
[2.090s] writing requirements to robot_sim.egg-info/requires.txt
[2.091s] writing top-level names to robot_sim.egg-info/top_level.txt
[2.133s] reading manifest file 'robot_sim.egg-info/SOURCES.txt'
[2.134s] writing manifest file 'robot_sim.egg-info/SOURCES.txt'
[2.156s] running build_ext
[2.156s] Creating /home/shini/ros2_ws/install/robot_sim/lib/python3.10/site-packages/robot-sim.egg-link (link to .)
[2.158s] Installing cmd_vel_mixer script to /home/shini/ros2_ws/install/robot_sim/lib/robot_sim
[2.158s] Installing exploration_goal script to /home/shini/ros2_ws/install/robot_sim/lib/robot_sim
[2.158s] Installing navigator script to /home/shini/ros2_ws/install/robot_sim/lib/robot_sim
[2.159s] Installing obstacle_avoider script to /home/shini/ros2_ws/install/robot_sim/lib/robot_sim
[2.159s] Installing obstacle_detector script to /home/shini/ros2_ws/install/robot_sim/lib/robot_sim
[2.159s] Installing vision_node script to /home/shini/ros2_ws/install/robot_sim/lib/robot_sim
[2.159s] 
[2.160s] Installed /home/shini/ros2_ws/build/robot_sim
[2.160s] running symlink_data
[2.160s] symbolically linking /home/shini/ros2_ws/build/robot_sim/launch/turtlebot3_world_delayed.launch.py -> /home/shini/ros2_ws/install/robot_sim/share/robot_sim/launch
[2.294s] Invoked command in '/home/shini/ros2_ws/build/robot_sim' returned '0': PYTHONPATH=/home/shini/ros2_ws/build/robot_sim/prefix_override:/usr/lib/python3/dist-packages/colcon_core/task/python/colcon_distutils_commands:/home/shini/ros2_ws/install/robot_sim/lib/python3.10/site-packages:${PYTHONPATH} /usr/bin/python3 -W ignore:setup.py install is deprecated -W ignore:easy_install command is deprecated setup.py develop --editable --build-directory /home/shini/ros2_ws/build/robot_sim/build --no-deps symlink_data
