[0.986s] Invoking command in '/home/shini/ros2_ws/src/robot_sim': PYTHONPATH=/home/shini/ros2_ws/build/robot_sim/prefix_override:/usr/lib/python3/dist-packages/colcon_core/task/python/colcon_distutils_commands:/home/shini/ros2_ws/install/robot_sim/lib/python3.10/site-packages:${PYTHONPATH} /usr/bin/python3 -W ignore:setup.py install is deprecated -W ignore:easy_install command is deprecated setup.py egg_info --egg-base ../../build/robot_sim build --build-base /home/shini/ros2_ws/build/robot_sim/build install --record /home/shini/ros2_ws/build/robot_sim/install.log --single-version-externally-managed install_data
[1.539s] running egg_info
[1.555s] writing ../../build/robot_sim/robot_sim.egg-info/PKG-INFO
[1.556s] writing dependency_links to ../../build/robot_sim/robot_sim.egg-info/dependency_links.txt
[1.556s] writing entry points to ../../build/robot_sim/robot_sim.egg-info/entry_points.txt
[1.557s] writing requirements to ../../build/robot_sim/robot_sim.egg-info/requires.txt
[1.557s] writing top-level names to ../../build/robot_sim/robot_sim.egg-info/top_level.txt
[1.588s] reading manifest file '../../build/robot_sim/robot_sim.egg-info/SOURCES.txt'
[1.589s] writing manifest file '../../build/robot_sim/robot_sim.egg-info/SOURCES.txt'
[1.589s] running build
[1.589s] running build_py
[1.589s] copying robot_sim/astar.py -> /home/shini/ros2_ws/build/robot_sim/build/lib/robot_sim
[1.590s] copying robot_sim/grid_builder.py -> /home/shini/ros2_ws/build/robot_sim/build/lib/robot_sim
[1.590s] copying robot_sim/__init__.py -> /home/shini/ros2_ws/build/robot_sim/build/lib/robot_sim
[1.591s] copying robot_sim/pid_controller.py -> /home/shini/ros2_ws/build/robot_sim/build/lib/robot_sim
[1.591s] copying robot_sim/nodes/obstacle_detector.py -> /home/shini/ros2_ws/build/robot_sim/build/lib/robot_sim/nodes
[1.591s] copying robot_sim/nodes/navigator.py -> /home/shini/ros2_ws/build/robot_sim/build/lib/robot_sim/nodes
[1.591s] copying robot_sim/nodes/__init__.py -> /home/shini/ros2_ws/build/robot_sim/build/lib/robot_sim/nodes
[1.591s] running install
[1.596s] running install_lib
[1.613s] copying /home/shini/ros2_ws/build/robot_sim/build/lib/robot_sim/nodes/navigator.py -> /home/shini/ros2_ws/install/robot_sim/lib/python3.10/site-packages/robot_sim/nodes
[1.616s] byte-compiling /home/shini/ros2_ws/install/robot_sim/lib/python3.10/site-packages/robot_sim/nodes/navigator.py to navigator.cpython-310.pyc
[1.619s] running install_data
[1.620s] copying resource/robot_sim -> /home/shini/ros2_ws/install/robot_sim/share/ament_index/resource_index/packages
[1.620s] copying package.xml -> /home/shini/ros2_ws/install/robot_sim/share/robot_sim
[1.620s] copying launch/navigation.launch.py -> /home/shini/ros2_ws/install/robot_sim/share/robot_sim/launch
[1.620s] running install_egg_info
[1.638s] removing '/home/shini/ros2_ws/install/robot_sim/lib/python3.10/site-packages/robot_sim-0.0.0-py3.10.egg-info' (and everything under it)
[1.639s] Copying ../../build/robot_sim/robot_sim.egg-info to /home/shini/ros2_ws/install/robot_sim/lib/python3.10/site-packages/robot_sim-0.0.0-py3.10.egg-info
[1.641s] running install_scripts
[1.785s] Installing navigator script to /home/shini/ros2_ws/install/robot_sim/lib/robot_sim
[1.786s] Installing obstacle_detector script to /home/shini/ros2_ws/install/robot_sim/lib/robot_sim
[1.786s] writing list of installed files to '/home/shini/ros2_ws/build/robot_sim/install.log'
[1.840s] Invoked command in '/home/shini/ros2_ws/src/robot_sim' returned '0': PYTHONPATH=/home/shini/ros2_ws/build/robot_sim/prefix_override:/usr/lib/python3/dist-packages/colcon_core/task/python/colcon_distutils_commands:/home/shini/ros2_ws/install/robot_sim/lib/python3.10/site-packages:${PYTHONPATH} /usr/bin/python3 -W ignore:setup.py install is deprecated -W ignore:easy_install command is deprecated setup.py egg_info --egg-base ../../build/robot_sim build --build-base /home/shini/ros2_ws/build/robot_sim/build install --record /home/shini/ros2_ws/build/robot_sim/install.log --single-version-externally-managed install_data
